100%|████████████████████████████████████████████████████████████████| 80/80 [43:18<00:00, 32.52s/it]Traceback (most recent call last):
{'loss': 14.6168, 'grad_norm': 4.761436939239502, 'learning_rate': 8.000000000000001e-06, 'epoch': 0.0}
{'loss': 14.5293, 'grad_norm': 5.72714900970459, 'learning_rate': 1.8e-05, 'epoch': 0.01}
{'loss': 14.1265, 'grad_norm': 8.952300071716309, 'learning_rate': 2.8000000000000003e-05, 'epoch': 0.01}
{'loss': 13.5601, 'grad_norm': 13.98947525024414, 'learning_rate': 3.8e-05, 'epoch': 0.02}
{'loss': 12.732, 'grad_norm': 20.30841827392578, 'learning_rate': 4.8e-05, 'epoch': 0.02}
{'loss': 11.7647, 'grad_norm': 27.12079429626465, 'learning_rate': 5.6000000000000006e-05, 'epoch': 0.03}
{'loss': 10.8387, 'grad_norm': 34.553794860839844, 'learning_rate': 6.6e-05, 'epoch': 0.03}
{'loss': 9.6619, 'grad_norm': 45.971641540527344, 'learning_rate': 7.6e-05, 'epoch': 0.04}
{'loss': 8.3265, 'grad_norm': 51.106956481933594, 'learning_rate': 8.4e-05, 'epoch': 0.04}
{'loss': 6.5285, 'grad_norm': 58.597557067871094, 'learning_rate': 9.4e-05, 'epoch': 0.05}
{'loss': 4.143, 'grad_norm': 57.43141174316406, 'learning_rate': 0.00010400000000000001, 'epoch': 0.05}
{'loss': 2.6509, 'grad_norm': 70.58386993408203, 'learning_rate': 0.00011399999999999999, 'epoch': 0.06}
{'loss': 3.2715, 'grad_norm': 57.30937576293945, 'learning_rate': 0.000124, 'epoch': 0.06}
{'loss': 2.2492, 'grad_norm': 44.807472229003906, 'learning_rate': 0.000134, 'epoch': 0.06}
{'loss': 2.1723, 'grad_norm': 53.331668853759766, 'learning_rate': 0.000144, 'epoch': 0.07}
{'loss': 2.0324, 'grad_norm': 46.86970138549805, 'learning_rate': 0.000154, 'epoch': 0.07}
  File "/opt/conda/envs/llm-project/lib/python3.11/site-packages/torch/serialization.py", line 967, in save
    _save(
  File "/opt/conda/envs/llm-project/lib/python3.11/site-packages/torch/serialization.py", line 1268, in _save
    zip_file.write_record(name, storage, num_bytes)
RuntimeError: [enforce fail at inline_container.cc:858] . PytorchStreamWriter failed writing file data/163: file write failed

During handling of the above exception, another exception occurred:

Traceback (most recent call last):
  File "/home/ubuntu/PolymarketLM/scripts/finetune_gemma.py", line 371, in <module>
    main()
  File "/home/ubuntu/PolymarketLM/scripts/finetune_gemma.py", line 359, in main
    trainer.train()
  File "/opt/conda/envs/llm-project/lib/python3.11/site-packages/transformers/trainer.py", line 2325, in train
    return inner_training_loop(
           ^^^^^^^^^^^^^^^^^^^^
  File "/opt/conda/envs/llm-project/lib/python3.11/site-packages/transformers/trainer.py", line 2756, in _inner_training_loop
    self._maybe_log_save_evaluate(
  File "/opt/conda/envs/llm-project/lib/python3.11/site-packages/transformers/trainer.py", line 3228, in _maybe_log_save_evaluate
    self._save_checkpoint(model, trial)
  File "/opt/conda/envs/llm-project/lib/python3.11/site-packages/transformers/trainer.py", line 3345, in _save_checkpoint
    self._save_optimizer_and_scheduler(output_dir)
  File "/opt/conda/envs/llm-project/lib/python3.11/site-packages/transformers/trainer.py", line 3472, in _save_optimizer_and_scheduler
    torch.save(self.optimizer.state_dict(), os.path.join(output_dir, OPTIMIZER_NAME))
  File "/opt/conda/envs/llm-project/lib/python3.11/site-packages/torch/serialization.py", line 966, in save
    with _open_zipfile_writer(f) as opened_zipfile:
  File "/opt/conda/envs/llm-project/lib/python3.11/site-packages/torch/serialization.py", line 798, in __exit__
    self.file_like.write_end_of_file()
RuntimeError: [enforce fail at inline_container.cc:664] . unexpected pos 6825024 vs 6824916
